<?xml version="1.0" encoding="UTF-8"?>
<testng-results ignored="0" total="1" passed="1" failed="0" skipped="0">
  <reporter-output>
  </reporter-output>
  <suite started-at="2018-11-27T07:06:35Z" name="Suite" finished-at="2018-11-27T07:07:32Z" duration-ms="56898">
    <groups>
    </groups>
    <test started-at="2018-11-27T07:06:35Z" name="Test1" finished-at="2018-11-27T07:07:32Z" duration-ms="56898">
      <class name="com.ahnlab.setup.AndroidSetup">
        <test-method is-config="true" signature="setUp(java.lang.String, java.lang.String, java.lang.String, java.lang.String, java.lang.String, java.lang.String, java.lang.String, java.lang.String, int, boolean)[pri:0, instance:com.ahnlab.setup.AndroidSetup@27a7ef08]" started-at="2018-11-27T16:06:35Z" name="setUp" finished-at="2018-11-27T16:06:43Z" duration-ms="7815" status="PASS">
          <params>
            <param index="0">
              <value>
                <![CDATA[Android]]>
              </value>
            </param>
            <param index="1">
              <value>
                <![CDATA[7.0]]>
              </value>
            </param>
            <param index="2">
              <value>
                <![CDATA[Samsung Galaxy S7]]>
              </value>
            </param>
            <param index="3">
              <value>
                <![CDATA[ce021602cc9d774002]]>
              </value>
            </param>
            <param index="4">
              <value>
                <![CDATA[]]>
              </value>
            </param>
            <param index="5">
              <value>
                <![CDATA[com.ahnlab.v3mobilesecurity.soda]]>
              </value>
            </param>
            <param index="6">
              <value>
                <![CDATA[com.ahnlab.v3mobilesecurity.main.DummyMain]]>
              </value>
            </param>
            <param index="7">
              <value>
                <![CDATA[http://0.0.0.0:4723/wd/hub]]>
              </value>
            </param>
            <param index="8">
              <value>
                <![CDATA[120]]>
              </value>
            </param>
            <param index="9">
              <value>
                <![CDATA[true]]>
              </value>
            </param>
          </params>
          <reporter-output>
          </reporter-output>
        </test-method> <!-- setUp -->
        <test-method signature="testMethod(java.lang.String, java.lang.String, java.lang.String, java.lang.String)[pri:0, instance:com.ahnlab.setup.AndroidSetup@27a7ef08]" started-at="2018-11-27T16:06:43Z" name="testMethod" finished-at="2018-11-27T16:07:32Z" duration-ms="48971" status="PASS">
          <params>
            <param index="0">
              <value>
                <![CDATA[ce021602cc9d774002]]>
              </value>
            </param>
            <param index="1">
              <value>
                <![CDATA[./img/elementImg/]]>
              </value>
            </param>
            <param index="2">
              <value>
                <![CDATA[./img/textImg/]]>
              </value>
            </param>
            <param index="3">
              <value>
                <![CDATA[./TestScripts/test.robot]]>
              </value>
            </param>
          </params>
          <reporter-output>
          </reporter-output>
        </test-method> <!-- testMethod -->
      </class> <!-- com.ahnlab.setup.AndroidSetup -->
    </test> <!-- Test1 -->
  </suite> <!-- Suite -->
</testng-results>
