<?xml version="1.0" encoding="UTF-8"?>
<!-- Generated by org.testng.reporters.JUnitXMLReporter -->
<testsuite hostname="juneahn.local" ignored="0" name="ESAND12" tests="1" failures="1" timestamp="23 Sep 2019 09:57:46 GMT" time="49.128" errors="0">
  <testcase name="testMethod" time="0.155" classname="com.ahnlab.testcase.Testcase">
    <failure type="java.lang.NoClassDefFoundError" message="Could not initialize class com.ahnlab.android.objects.ScreenshotObj">
      <![CDATA[java.lang.NoClassDefFoundError: Could not initialize class com.ahnlab.android.objects.ScreenshotObj
at com.ahnlab.android.objects.behavior.TouchObj.mClickSize2(TouchObj.java:56)
at com.ahnlab.android.objects.behavior.ReadTestCaseObj.readTestCase(ReadTestCaseObj.java:33)
at com.ahnlab.testcase.Testcase.testMethod(Testcase.java:64)
at java.util.concurrent.FutureTask.run(FutureTask.java:266)
at java.util.concurrent.ThreadPoolExecutor.runWorker(ThreadPoolExecutor.java:1149)
at java.util.concurrent.ThreadPoolExecutor$Worker.run(ThreadPoolExecutor.java:624)
at java.lang.Thread.run(Thread.java:748)
... Removed 16 stack frames]]>
    </failure>
  </testcase> <!-- testMethod -->
</testsuite> <!-- ESAND12 -->
