<?xml version="1.0" encoding="UTF-8"?>
<!-- Generated by org.testng.reporters.JUnitXMLReporter -->
<testsuite hostname="juneahn.local" ignored="0" name="ESAND" tests="1" failures="1" timestamp="23 Sep 2019 09:57:13 GMT" time="16.354" errors="0">
  <testcase name="testMethod" time="0.206" classname="com.ahnlab.testcase.Testcase">
    <failure type="java.lang.ExceptionInInitializerError">
      <![CDATA[java.lang.ExceptionInInitializerError
at com.ahnlab.android.objects.behavior.TouchObj.mClickSize2(TouchObj.java:56)
at com.ahnlab.android.objects.behavior.ReadTestCaseObj.readTestCase(ReadTestCaseObj.java:33)
at com.ahnlab.testcase.Testcase.testMethod(Testcase.java:64)
at java.util.concurrent.FutureTask.run(FutureTask.java:266)
at java.util.concurrent.ThreadPoolExecutor.runWorker(ThreadPoolExecutor.java:1149)
at java.util.concurrent.ThreadPoolExecutor$Worker.run(ThreadPoolExecutor.java:624)
at java.lang.Thread.run(Thread.java:748)
Caused by: java.lang.NullPointerException
at java.util.Objects.requireNonNull(Objects.java:203)
at org.openqa.selenium.support.ui.FluentWait.<init>(FluentWait.java:106)
at org.openqa.selenium.support.ui.WebDriverWait.<init>(WebDriverWait.java:85)
at org.openqa.selenium.support.ui.WebDriverWait.<init>(WebDriverWait.java:45)
at com.ahnlab.android.objects.ScreenshotObj.<clinit>(ScreenshotObj.java:27)
... 23 more
... Removed 16 stack frames]]>
    </failure>
  </testcase> <!-- testMethod -->
</testsuite> <!-- ESAND -->
