<?xml version="1.0" encoding="UTF-8"?>
<!-- Generated by org.testng.reporters.JUnitXMLReporter -->
<testsuite ignored="0" hostname="juneahn.local" failures="1" tests="2" name="SODA" time="204.086" errors="0" timestamp="24 Jul 2019 02:25:34 GMT">
  <testcase classname="com.ahnlab.testcase.Testcase" name="testMethod" time="77.149">
    <failure type="java.lang.AssertionError" message="expected [true] but found [false]">
      <![CDATA[java.lang.AssertionError: expected [true] but found [false]
at com.ahnlab.android.objects.behavior.TouchObj.mClickSize3(TouchObj.java:200)
at com.ahnlab.android.objects.behavior.ReadTestCaseObj.readTestCase(ReadTestCaseObj.java:46)
at com.ahnlab.testcase.Testcase.testMethod(Testcase.java:58)
at java.base/java.util.concurrent.FutureTask.run(FutureTask.java:264)
at java.base/java.util.concurrent.ThreadPoolExecutor.runWorker(ThreadPoolExecutor.java:1128)
at java.base/java.util.concurrent.ThreadPoolExecutor$Worker.run(ThreadPoolExecutor.java:628)
at java.base/java.lang.Thread.run(Thread.java:835)
... Removed 20 stack frames]]>
    </failure>
  </testcase> <!-- testMethod -->
  <testcase classname="com.ahnlab.testcase.Testcase2" name="testMethod" time="73.353"/>
</testsuite> <!-- SODA -->
