<?xml version="1.0" encoding="UTF-8"?>
<testsuite xmlns:xsi="http://www.w3.org/2001/XMLSchema-instance" xsi:noNamespaceSchemaLocation="https://maven.apache.org/surefire/maven-surefire-plugin/xsd/surefire-test-report.xsd" name="TestSuite" time="80.698" tests="6" errors="0" skipped="4" failures="2">
  <properties>
[...]
</properties>
  <testcase name="setUp" classname="com.ahnlab.testcase.Testcase" time="80.298">
    <failure message="Unable to create a new remote session. Original error: unexpected end of stream on Connection{127.0.0.1:4444, proxy=DIRECT hostAddress=/127.0.0.1:4444 cipherSuite=none protocol=http/1.1}&#10;Build info: version: &apos;3.141.59&apos;, revision: &apos;e82be7d358&apos;, time: &apos;2018-11-14T08:17:03&apos;&#10;System info: host: &apos;juneahn.local&apos;, ip: &apos;fe80:0:0:0:1066:3426:d5fd:547b%en0&apos;, os.name: &apos;Mac OS X&apos;, os.arch: &apos;x86_64&apos;, os.version: &apos;10.14.6&apos;, java.version: &apos;1.8.0_221&apos;&#10;Driver info: driver.version: AndroidDriver" type="org.openqa.selenium.SessionNotCreatedException">org.openqa.selenium.SessionNotCreatedException: 
Unable to create a new remote session. Original error: unexpected end of stream on Connection{127.0.0.1:4444, proxy=DIRECT hostAddress=/127.0.0.1:4444 cipherSuite=none protocol=http/1.1}
Build info: version: '3.141.59', revision: 'e82be7d358', time: '2018-11-14T08:17:03'
System info: host: 'juneahn.local', ip: 'fe80:0:0:0:1066:3426:d5fd:547b%en0', os.name: 'Mac OS X', os.arch: 'x86_64', os.version: '10.14.6', java.version: '1.8.0_221'
Driver info: driver.version: AndroidDriver
Caused by: java.lang.reflect.InvocationTargetException
Caused by: java.io.IOException: unexpected end of stream on Connection{127.0.0.1:4444, proxy=DIRECT hostAddress=/127.0.0.1:4444 cipherSuite=none protocol=http/1.1}
Caused by: java.io.EOFException: \n not found: limit=0 content=…
</failure>
  </testcase>
  <testcase name="setUp" classname="com.ahnlab.testcase.Testcase2" time="80.299">
    <failure message="Unable to create a new remote session. Original error: unexpected end of stream on Connection{127.0.0.1:4444, proxy=DIRECT hostAddress=/127.0.0.1:4444 cipherSuite=none protocol=http/1.1}&#10;Build info: version: &apos;3.141.59&apos;, revision: &apos;e82be7d358&apos;, time: &apos;2018-11-14T08:17:03&apos;&#10;System info: host: &apos;juneahn.local&apos;, ip: &apos;fe80:0:0:0:1066:3426:d5fd:547b%en0&apos;, os.name: &apos;Mac OS X&apos;, os.arch: &apos;x86_64&apos;, os.version: &apos;10.14.6&apos;, java.version: &apos;1.8.0_221&apos;&#10;Driver info: driver.version: AndroidDriver" type="org.openqa.selenium.SessionNotCreatedException">org.openqa.selenium.SessionNotCreatedException: 
Unable to create a new remote session. Original error: unexpected end of stream on Connection{127.0.0.1:4444, proxy=DIRECT hostAddress=/127.0.0.1:4444 cipherSuite=none protocol=http/1.1}
Build info: version: '3.141.59', revision: 'e82be7d358', time: '2018-11-14T08:17:03'
System info: host: 'juneahn.local', ip: 'fe80:0:0:0:1066:3426:d5fd:547b%en0', os.name: 'Mac OS X', os.arch: 'x86_64', os.version: '10.14.6', java.version: '1.8.0_221'
Driver info: driver.version: AndroidDriver
Caused by: java.lang.reflect.InvocationTargetException
Caused by: java.io.IOException: unexpected end of stream on Connection{127.0.0.1:4444, proxy=DIRECT hostAddress=/127.0.0.1:4444 cipherSuite=none protocol=http/1.1}
Caused by: java.io.EOFException: \n not found: limit=0 content=…
</failure>
  </testcase>
  <testcase name="testMethod" classname="com.ahnlab.testcase.Testcase" time="0">
    <skipped message="Unable to create a new remote session. Original error: unexpected end of stream on Connection{127.0.0.1:4444, proxy=DIRECT hostAddress=/127.0.0.1:4444 cipherSuite=none protocol=http/1.1}&#10;Build info: version: &apos;3.141.59&apos;, revision: &apos;e82be7d358&apos;, time: &apos;2018-11-14T08:17:03&apos;&#10;System info: host: &apos;juneahn.local&apos;, ip: &apos;fe80:0:0:0:1066:3426:d5fd:547b%en0&apos;, os.name: &apos;Mac OS X&apos;, os.arch: &apos;x86_64&apos;, os.version: &apos;10.14.6&apos;, java.version: &apos;1.8.0_221&apos;&#10;Driver info: driver.version: AndroidDriver"/>
  </testcase>
  <testcase name="testMethod" classname="com.ahnlab.testcase.Testcase2" time="0">
    <skipped message="Unable to create a new remote session. Original error: unexpected end of stream on Connection{127.0.0.1:4444, proxy=DIRECT hostAddress=/127.0.0.1:4444 cipherSuite=none protocol=http/1.1}&#10;Build info: version: &apos;3.141.59&apos;, revision: &apos;e82be7d358&apos;, time: &apos;2018-11-14T08:17:03&apos;&#10;System info: host: &apos;juneahn.local&apos;, ip: &apos;fe80:0:0:0:1066:3426:d5fd:547b%en0&apos;, os.name: &apos;Mac OS X&apos;, os.arch: &apos;x86_64&apos;, os.version: &apos;10.14.6&apos;, java.version: &apos;1.8.0_221&apos;&#10;Driver info: driver.version: AndroidDriver"/>
  </testcase>
  <testcase name="tearDown" classname="com.ahnlab.testcase.Testcase2" time="0">
    <skipped/>
  </testcase>
  <testcase name="tearDown" classname="com.ahnlab.testcase.Testcase" time="0">
    <skipped/>
  </testcase>
</testsuite>